MPASM 5.87                    EJERCICIO3.ASM   10-21-2020  19:56:29         PAGE  1


LOC  OBJECT CODE     LINE SOURCE TEXT
  VALUE

                      00001 #include "p16F628a.inc"
                      00001         LIST
                      00002 
                      00003 ;==========================================================================
                      00004 ; Build date : Jan 06 2020
                      00005 ;  MPASM PIC16F628A processor include
                      00006 ; 
                      00007 ;  (c) Copyright 1999-2020 Microchip Technology, All rights reserved
                      00008 ;==========================================================================
                      00009 
                      00386         LIST
2007   3F19           00002  __CONFIG _FOSC_INTOSCCLK & _WDTE_OFF & _PWRTE_OFF & _MCLRE_OFF & _BOREN_OFF & _LVP_OFF & _CPD_OFF & _CP
                            _OFF
                      00003 ;Se configura todo apagado
                      00004 
                      00005 RES_VECT CODE 0x0000 ; processor reset vector
Warning[203]: Found opcode in column 1. (GOTO)
0000   2???           00006 GOTO START ; go to beginning of program
                      00007 ; TODO ADD INTERRUPTS HERE IF USED
                      00008 MAIN_PROG CODE ; let linker place main program
                      00009 
                      00010  
  00000030            00011 i equ 0x30;Identificadores
  00000031            00012 j equ 0x31;Identificadores
  00000032            00013 k equ 0x32;Identificadores
  00000033            00014 e equ 0x33
                      00015  
0000                  00016 START
0000   3007           00017     MOVLW 0x07;Apagar comparadores en este caso es del 0-7
0001   009F           00018     MOVWF CMCON;Y establecer los pines como entrada y salida
0002   1303           00019     BCF STATUS, RP1 ;
0003   1683           00020     BSF STATUS, RP0 ;Encender un bit del registro F
0004   3000           00021     MOVLW b'00000000'
Message[302]: Register in operand not in bank 0.  Ensure that bank bits are correct.
0005   0086           00022     MOVWF TRISB ;Registro donde les decimos si es entrada o salida
0006   1283           00023     BCF STATUS, RP0 ;Apgao y regeso todo a lo normal
                      00024 
                      00025 
0007                  00026 inicio:
0007   1006           00027     BCF PORTB,0
0008   2???           00028     call tiempo5
0009   0000           00029     nop
000A   0000           00030     nop
000B   1886           00031     BTFSC PORTB,1
000C   2???           00032     call tiempo1seg
000D   1406           00033     BSF PORTB,0
000E   2???           00034     call tiempo5
000F   1886           00035     BTFSC PORTB,1
0010   2???           00036     call tiempo1seg
                      00037     
0011   2???           00038     GOTO inicio
                      00039     
0012                  00040 tiempo5:
MPASM 5.87                    EJERCICIO3.ASM   10-21-2020  19:56:29         PAGE  2


LOC  OBJECT CODE     LINE SOURCE TEXT
  VALUE

0012   303C           00041     MOVLW d'60'
0013   00B0           00042     MOVWF i ;Movemos el 255 a i
0014   0000           00043     nop
0015   0000           00044     nop
0016   0000           00045     nop
0017   0000           00046     nop
0018   0000           00047     nop
0019   0000           00048     nop
001A   0000           00049     nop
001B   0000           00050     nop
001C   0000           00051     nop
001D   0000           00052     nop
001E                  00053 loopj:    
001E   3035           00054     MOVLW d'53'
001F   00B1           00055     MOVWF j ;Movemos el 255 a j
0020   0000           00056     nop
0021   0000           00057     nop
0022   0000           00058     nop
0023   0000           00059     nop
0024   0000           00060     nop
0025   0000           00061     nop
0026   0000           00062     nop
0027   0000           00063     nop
0028                  00064 loopk: 
0028   3033           00065     MOVLW d'51'
0029   00B2           00066     MOVWF k ;Movemos el 255 a k
                      00067     ;Decrementaremos k porque es el mas anidado es decir mas adentro
Message[305]: Using default destination of 1 (file).
002A   0BB2           00068     DECFSZ k ;Decrementar hasta que de 0 por default 
                      00069     ;la primera instruccion es la que hara hasta que llegue a 0 la 2 es lo que hara despues de estar en 
                            0
002B   2???           00070     GOTO $-1 ;Regresar a la instruccion anterio con $-1
Message[305]: Using default destination of 1 (file).
002C   0BB1           00071     DECFSZ j;Cuando ya llego 0 entra a aqui
002D   2???           00072     GOTO loopk
Message[305]: Using default destination of 1 (file).
002E   0BB0           00073     DECFSZ i
002F   2???           00074     GOTO loopj
0030   0008           00075     return
                      00076     
                      00077     ;Acabamos de guardar 11111111 en binario
                      00078     ;PORT se va a ver como voltaje a fuera -->Registro de memoria
                      00079     ;Meter o sacar valores de voltaje
                      00080     ;Un ejemplo seria para prender el led
                      00081     
                      00082     ;Es como un for dentro de otro por eso regresamos a los loop para que se reinicien desde su valor y 
                            restar al siguiente for
                      00083     
0031                  00084 tiempo1seg:
0031   3031           00085     MOVLW d'49'
0032   00B0           00086     MOVWF i
0033                  00087 loopj2:    
0033   3033           00088     MOVLW d'51'
MPASM 5.87                    EJERCICIO3.ASM   10-21-2020  19:56:29         PAGE  3


LOC  OBJECT CODE     LINE SOURCE TEXT
  VALUE

0034   0000           00089     nop
0035   0000           00090     nop
0036   0000           00091     nop
0037   0000           00092     nop
0038   00B1           00093     MOVWF j
0039                  00094 loopk2: 
0039   3084           00095     MOVLW d'132'
003A   00B2           00096     MOVWF k 
Message[305]: Using default destination of 1 (file).
003B   0BB2           00097     DECFSZ k
003C   2???           00098     GOTO $-1 
Message[305]: Using default destination of 1 (file).
003D   0BB1           00099     DECFSZ j
003E   2???           00100     GOTO loopk2
Message[305]: Using default destination of 1 (file).
003F   0BB0           00101     DECFSZ i
0040   2???           00102     GOTO loopj2
0041   0008           00103     return
                      00104     
                      00105     
Warning[205]: Found directive in column 1. (END)
3F19                  00106 END
MPASM 5.87                    EJERCICIO3.ASM   10-21-2020  19:56:29         PAGE  4


SYMBOL TABLE
  LABEL                             VALUE 

ADDEN                             00000003
ADEN                              00000003
BRGH                              00000002
C                                 00000000
C1INV                             00000004
C1OUT                             00000006
C2INV                             00000005
C2OUT                             00000007
CCP1CON                           00000017
CCP1IE                            00000002
CCP1IF                            00000002
CCP1M0                            00000000
CCP1M1                            00000001
CCP1M2                            00000002
CCP1M3                            00000003
CCP1X                             00000005
CCP1Y                             00000004
CCPR1                             00000015
CCPR1H                            00000016
CCPR1L                            00000015
CIS                               00000003
CM0                               00000000
CM1                               00000001
CM2                               00000002
CMCON                             0000001F
CMIE                              00000006
CMIF                              00000006
CREN                              00000004
CSRC                              00000007
DATA_CP_OFF                       00003FFF
DATA_CP_ON                        00003EFF
DC                                00000001
EEADR                             0000009B
EECON1                            0000009C
EECON2                            0000009D
EEDATA                            0000009A
EEIE                              00000007
EEIF                              00000007
F                                 00000001
FERR                              00000002
FSR                               00000004
GIE                               00000007
INDF                              00000000
INTCON                            0000000B
INTE                              00000004
INTEDG                            00000006
INTF                              00000001
IRP                               00000007
NOT_BO                            00000000
NOT_BOD                           00000000
NOT_BOR                           00000000
NOT_PD                            00000003
NOT_POR                           00000001
MPASM 5.87                    EJERCICIO3.ASM   10-21-2020  19:56:29         PAGE  5


SYMBOL TABLE
  LABEL                             VALUE 

NOT_RBPU                          00000007
NOT_T1SYNC                        00000002
NOT_TO                            00000004
OERR                              00000001
OPTION_REG                        00000081
OSCF                              00000003
PCL                               00000002
PCLATH                            0000000A
PCON                              0000008E
PEIE                              00000006
PIE1                              0000008C
PIR1                              0000000C
PORTA                             00000005
PORTB                             00000006
PR2                               00000092
PS0                               00000000
PS1                               00000001
PS2                               00000002
PSA                               00000003
RA0                               00000000
RA1                               00000001
RA2                               00000002
RA3                               00000003
RA4                               00000004
RA5                               00000005
RA6                               00000006
RA7                               00000007
RB0                               00000000
RB1                               00000001
RB2                               00000002
RB3                               00000003
RB4                               00000004
RB5                               00000005
RB6                               00000006
RB7                               00000007
RBIE                              00000003
RBIF                              00000000
RCIE                              00000005
RCIF                              00000005
RCREG                             0000001A
RCSTA                             00000018
RD                                00000000
RP0                               00000005
RP1                               00000006
RX9                               00000006
RX9D                              00000000
SPBRG                             00000099
SPEN                              00000007
SREN                              00000005
START                             00000000
STATUS                            00000003
SYNC                              00000004
T0CS                              00000005
MPASM 5.87                    EJERCICIO3.ASM   10-21-2020  19:56:29         PAGE  6


SYMBOL TABLE
  LABEL                             VALUE 

T0IE                              00000005
T0IF                              00000002
T0SE                              00000004
T1CKPS0                           00000004
T1CKPS1                           00000005
T1CON                             00000010
T1OSCEN                           00000003
T2CKPS0                           00000000
T2CKPS1                           00000001
T2CON                             00000012
TMR0                              00000001
TMR0IE                            00000005
TMR0IF                            00000002
TMR1                              0000000E
TMR1CS                            00000001
TMR1H                             0000000F
TMR1IE                            00000000
TMR1IF                            00000000
TMR1L                             0000000E
TMR1ON                            00000000
TMR2                              00000011
TMR2IE                            00000001
TMR2IF                            00000001
TMR2ON                            00000002
TOUTPS0                           00000003
TOUTPS1                           00000004
TOUTPS2                           00000005
TOUTPS3                           00000006
TRISA                             00000085
TRISA0                            00000000
TRISA1                            00000001
TRISA2                            00000002
TRISA3                            00000003
TRISA4                            00000004
TRISA5                            00000005
TRISA6                            00000006
TRISA7                            00000007
TRISB                             00000086
TRISB0                            00000000
TRISB1                            00000001
TRISB2                            00000002
TRISB3                            00000003
TRISB4                            00000004
TRISB5                            00000005
TRISB6                            00000006
TRISB7                            00000007
TRMT                              00000001
TX9                               00000006
TX9D                              00000000
TXEN                              00000005
TXIE                              00000004
TXIF                              00000004
TXREG                             00000019
MPASM 5.87                    EJERCICIO3.ASM   10-21-2020  19:56:29         PAGE  7


SYMBOL TABLE
  LABEL                             VALUE 

TXSTA                             00000098
VR0                               00000000
VR1                               00000001
VR2                               00000002
VR3                               00000003
VRCON                             0000009F
VREN                              00000007
VROE                              00000006
VRR                               00000005
W                                 00000000
WR                                00000001
WREN                              00000002
WRERR                             00000003
Z                                 00000002
_BODEN_OFF                        00003FBF
_BODEN_ON                         00003FFF
_BOREN_OFF                        00003FBF
_BOREN_ON                         00003FFF
_CONFIG                           00002007
_CPD_OFF                          00003FFF
_CPD_ON                           00003EFF
_CP_OFF                           00003FFF
_CP_ON                            00001FFF
_DEVID1                           00002006
_ER_OSC_CLKOUT                    00003FFF
_ER_OSC_NOCLKOUT                  00003FFE
_EXTCLK_OSC                       00003FEF
_FOSC_ECIO                        00003FEF
_FOSC_EXTRCCLK                    00003FFF
_FOSC_EXTRCIO                     00003FFE
_FOSC_HS                          00003FEE
_FOSC_INTOSCCLK                   00003FFD
_FOSC_INTOSCIO                    00003FFC
_FOSC_LP                          00003FEC
_FOSC_XT                          00003FED
_HS_OSC                           00003FEE
_IDLOC0                           00002000
_IDLOC1                           00002001
_IDLOC2                           00002002
_IDLOC3                           00002003
_INTOSC_OSC_CLKOUT                00003FFD
_INTOSC_OSC_NOCLKOUT              00003FFC
_INTRC_OSC_CLKOUT                 00003FFD
_INTRC_OSC_NOCLKOUT               00003FFC
_LP_OSC                           00003FEC
_LVP_OFF                          00003F7F
_LVP_ON                           00003FFF
_MAIN_PROG_002B                   0000002B
_MAIN_PROG_003C                   0000003C
_MCLRE_OFF                        00003FDF
_MCLRE_ON                         00003FFF
_PWRTE_OFF                        00003FFF
_PWRTE_ON                         00003FF7
MPASM 5.87                    EJERCICIO3.ASM   10-21-2020  19:56:29         PAGE  8


SYMBOL TABLE
  LABEL                             VALUE 

_RC_OSC_CLKOUT                    00003FFF
_RC_OSC_NOCLKOUT                  00003FFE
_WDTE_OFF                         00003FFB
_WDTE_ON                          00003FFF
_WDT_OFF                          00003FFB
_WDT_ON                           00003FFF
_XT_OSC                           00003FED
__16F628A                         00000001
e                                 00000033
i                                 00000030
inicio                            00000007
j                                 00000031
k                                 00000032
loopj                             0000001E
loopj2                            00000033
loopk                             00000028
loopk2                            00000039
tiempo1seg                        00000031
tiempo5                           00000012

Errors   :     0
Warnings :     2 reported,     0 suppressed
Messages :     7 reported,     0 suppressed

